<?xml version="1.0" encoding="UTF-8"?>
<!-- Generated by org.testng.reporters.JUnitReportReporter -->
<testsuite hostname="JeevaLaptop" failures="0" tests="1" name="testng.AnnotationExample2" time="0.003" errors="0" timestamp="2025-04-05T11:40:56 CDT" skipped="0">
  <testcase classname="testng.AnnotationExample2" name="test3" time="0.003"/>
</testsuite> <!-- testng.AnnotationExample2 -->
