<?xml version="1.0" encoding="UTF-8"?>
<!-- Generated by org.testng.reporters.JUnitReportReporter -->
<testsuite hostname="JeevaLaptop" failures="0" tests="1" name="testng.AnnotationsExample" time="0.019" errors="0" timestamp="2025-04-05T11:40:56 CDT" skipped="0">
  <testcase classname="testng.AnnotationsExample" name="test1" time="0.019"/>
</testsuite> <!-- testng.AnnotationsExample -->
