<?xml version="1.0" encoding="UTF-8"?>
<!-- Generated by org.testng.reporters.JUnitReportReporter -->
<testsuite hostname="JeevaLaptop" failures="0" tests="1" name="swaglab_test.ProductsTest" time="3.220" errors="0" timestamp="2025-04-06T12:23:16 CDT" skipped="0">
  <testcase classname="swaglab_test.ProductsTest" name="AddtoCartTest" time="3.220"/>
</testsuite> <!-- swaglab_test.ProductsTest -->
